-------------------------------------------------------------------------------
Test set: com.xraytdgbddautomation.poc.xraytestjirapoc.TestSuite
-------------------------------------------------------------------------------
Tests run: 6, Failures: 2, Errors: 0, Skipped: 4, Time elapsed: 5.165 sec <<< FAILURE! - in com.xraytdgbddautomation.poc.xraytestjirapoc.TestSuite
Given I navigate to Retinal APi URL(Scenario: Retina Implementation)  Time elapsed: 0.012 sec  <<< FAILURE!
java.lang.AssertionError: 
1 expectation failed.
Expected status code <200> doesn't match actual status code <400>.


Scenario: Retina Implementation  Time elapsed: 0.013 sec  <<< FAILURE!
java.lang.AssertionError: 
1 expectation failed.
Expected status code <200> doesn't match actual status code <400>.


